MSBuild version 17.3.0-preview-22306-01+1c045cf58 for .NET
  Determining projects to restore...
  All projects are up-to-date for restore.
C:\Program Files\dotnet\sdk\7.0.100-preview.5.22307.18\Sdks\Microsoft.NET.Sdk\targets\Microsoft.NET.RuntimeIdentifierInference.targets(219,5): message NETSDK1057: You are using a preview version of .NET. See: https://aka.ms/dotnet-support-policy [c:\code\System.Text.RegularExpressions\tests\UnitTests\System.Text.RegularExpressions.Unit.Tests.csproj]
  ReferenceToBeRemoved +++ System.Text.RegularExpressions +++
  FilteredReferencePath +++ C:\Users\Robert\.nuget\packages\microsoft.netcore.app.ref\6.0.5\ref\net6.0\Microsoft.CSharp.dll;C:\Users\Robert\.nuget\packages\microsoft.netcore.app.ref\6.0.5\ref\net6.0\Microsoft.VisualBasic.Core.dll;C:\Users\Robert\.nuget\packages\microsoft.netcore.app.ref\6.0.5\ref\net6.0\Microsoft.VisualBasic.dll;C:\Users\Robert\.nuget\packages\microsoft.netcore.app.ref\6.0.5\ref\net6.0\Microsoft.Win32.Primitives.dll;C:\Users\Robert\.nuget\packages\microsoft.netcore.app.ref\6.0.5\ref\net6.0\Microsoft.Win32.Registry.dll;C:\Users\Robert\.nuget\packages\microsoft.netcore.app.ref\6.0.5\ref\net6.0\mscorlib.dll;C:\Users\Robert\.nuget\packages\microsoft.netcore.app.ref\6.0.5\ref\net6.0\netstandard.dll;C:\Users\Robert\.nuget\packages\microsoft.netcore.app.ref\6.0.5\ref\net6.0\System.AppContext.dll;C:\Users\Robert\.nuget\packages\microsoft.netcore.app.ref\6.0.5\ref\net6.0\System.Buffers.dll;C:\Users\Robert\.nuget\packages\microsoft.netcore.app.ref\6.0.5\ref\net6.0\System.Collections.Concurrent.dll;C:\Users\Robert\.nuget\packages\microsoft.netcore.app.ref\6.0.5\ref\net6.0\System.Collections.dll;C:\Users\Robert\.nuget\packages\microsoft.netcore.app.ref\6.0.5\ref\net6.0\System.Collections.Immutable.dll;C:\Users\Robert\.nuget\packages\microsoft.netcore.app.ref\6.0.5\ref\net6.0\System.Collections.NonGeneric.dll;C:\Users\Robert\.nuget\packages\microsoft.netcore.app.ref\6.0.5\ref\net6.0\System.Collections.Specialized.dll;C:\Users\Robert\.nuget\packages\microsoft.netcore.app.ref\6.0.5\ref\net6.0\System.ComponentModel.Annotations.dll;C:\Users\Robert\.nuget\packages\microsoft.netcore.app.ref\6.0.5\ref\net6.0\System.ComponentModel.DataAnnotations.dll;C:\Users\Robert\.nuget\packages\microsoft.netcore.app.ref\6.0.5\ref\net6.0\System.ComponentModel.dll;C:\Users\Robert\.nuget\packages\microsoft.netcore.app.ref\6.0.5\ref\net6.0\System.ComponentModel.EventBasedAsync.dll;C:\Users\Robert\.nuget\packages\microsoft.netcore.app.ref\6.0.5\ref\net6.0\System.ComponentModel.Primitives.dll;C:\Users\Robert\.nuget\packages\microsoft.netcore.app.ref\6.0.5\ref\net6.0\System.ComponentModel.TypeConverter.dll;C:\Users\Robert\.nuget\packages\microsoft.netcore.app.ref\6.0.5\ref\net6.0\System.Configuration.dll;C:\Users\Robert\.nuget\packages\microsoft.netcore.app.ref\6.0.5\ref\net6.0\System.Console.dll;C:\Users\Robert\.nuget\packages\microsoft.netcore.app.ref\6.0.5\ref\net6.0\System.Core.dll;C:\Users\Robert\.nuget\packages\microsoft.netcore.app.ref\6.0.5\ref\net6.0\System.Data.Common.dll;C:\Users\Robert\.nuget\packages\microsoft.netcore.app.ref\6.0.5\ref\net6.0\System.Data.DataSetExtensions.dll;C:\Users\Robert\.nuget\packages\microsoft.netcore.app.ref\6.0.5\ref\net6.0\System.Data.dll;C:\Users\Robert\.nuget\packages\microsoft.netcore.app.ref\6.0.5\ref\net6.0\System.Diagnostics.Contracts.dll;C:\Users\Robert\.nuget\packages\microsoft.netcore.app.ref\6.0.5\ref\net6.0\System.Diagnostics.Debug.dll;C:\Users\Robert\.nuget\packages\microsoft.netcore.app.ref\6.0.5\ref\net6.0\System.Diagnostics.DiagnosticSource.dll;C:\Users\Robert\.nuget\packages\microsoft.netcore.app.ref\6.0.5\ref\net6.0\System.Diagnostics.FileVersionInfo.dll;C:\Users\Robert\.nuget\packages\microsoft.netcore.app.ref\6.0.5\ref\net6.0\System.Diagnostics.Process.dll;C:\Users\Robert\.nuget\packages\microsoft.netcore.app.ref\6.0.5\ref\net6.0\System.Diagnostics.StackTrace.dll;C:\Users\Robert\.nuget\packages\microsoft.netcore.app.ref\6.0.5\ref\net6.0\System.Diagnostics.TextWriterTraceListener.dll;C:\Users\Robert\.nuget\packages\microsoft.netcore.app.ref\6.0.5\ref\net6.0\System.Diagnostics.Tools.dll;C:\Users\Robert\.nuget\packages\microsoft.netcore.app.ref\6.0.5\ref\net6.0\System.Diagnostics.TraceSource.dll;C:\Users\Robert\.nuget\packages\microsoft.netcore.app.ref\6.0.5\ref\net6.0\System.Diagnostics.Tracing.dll;C:\Users\Robert\.nuget\packages\microsoft.netcore.app.ref\6.0.5\ref\net6.0\System.dll;C:\Users\Robert\.nuget\packages\microsoft.netcore.app.ref\6.0.5\ref\net6.0\System.Drawing.dll;C:\Users\Robert\.nuget\packages\microsoft.netcore.app.ref\6.0.5\ref\net6.0\System.Drawing.Primitives.dll;C:\Users\Robert\.nuget\packages\microsoft.netcore.app.ref\6.0.5\ref\net6.0\System.Dynamic.Runtime.dll;C:\Users\Robert\.nuget\packages\microsoft.netcore.app.ref\6.0.5\ref\net6.0\System.Formats.Asn1.dll;C:\Users\Robert\.nuget\packages\microsoft.netcore.app.ref\6.0.5\ref\net6.0\System.Globalization.Calendars.dll;C:\Users\Robert\.nuget\packages\microsoft.netcore.app.ref\6.0.5\ref\net6.0\System.Globalization.dll;C:\Users\Robert\.nuget\packages\microsoft.netcore.app.ref\6.0.5\ref\net6.0\System.Globalization.Extensions.dll;C:\Users\Robert\.nuget\packages\microsoft.netcore.app.ref\6.0.5\ref\net6.0\System.IO.Compression.Brotli.dll;C:\Users\Robert\.nuget\packages\microsoft.netcore.app.ref\6.0.5\ref\net6.0\System.IO.Compression.dll;C:\Users\Robert\.nuget\packages\microsoft.netcore.app.ref\6.0.5\ref\net6.0\System.IO.Compression.FileSystem.dll;C:\Users\Robert\.nuget\packages\microsoft.netcore.app.ref\6.0.5\ref\net6.0\System.IO.Compression.ZipFile.dll;C:\Users\Robert\.nuget\packages\microsoft.netcore.app.ref\6.0.5\ref\net6.0\System.IO.dll;C:\Users\Robert\.nuget\packages\microsoft.netcore.app.ref\6.0.5\ref\net6.0\System.IO.FileSystem.AccessControl.dll;C:\Users\Robert\.nuget\packages\microsoft.netcore.app.ref\6.0.5\ref\net6.0\System.IO.FileSystem.dll;C:\Users\Robert\.nuget\packages\microsoft.netcore.app.ref\6.0.5\ref\net6.0\System.IO.FileSystem.DriveInfo.dll;C:\Users\Robert\.nuget\packages\microsoft.netcore.app.ref\6.0.5\ref\net6.0\System.IO.FileSystem.Primitives.dll;C:\Users\Robert\.nuget\packages\microsoft.netcore.app.ref\6.0.5\ref\net6.0\System.IO.FileSystem.Watcher.dll;C:\Users\Robert\.nuget\packages\microsoft.netcore.app.ref\6.0.5\ref\net6.0\System.IO.IsolatedStorage.dll;C:\Users\Robert\.nuget\packages\microsoft.netcore.app.ref\6.0.5\ref\net6.0\System.IO.MemoryMappedFiles.dll;C:\Users\Robert\.nuget\packages\microsoft.netcore.app.ref\6.0.5\ref\net6.0\System.IO.Pipes.AccessControl.dll;C:\Users\Robert\.nuget\packages\microsoft.netcore.app.ref\6.0.5\ref\net6.0\System.IO.Pipes.dll;C:\Users\Robert\.nuget\packages\microsoft.netcore.app.ref\6.0.5\ref\net6.0\System.IO.UnmanagedMemoryStream.dll;C:\Users\Robert\.nuget\packages\microsoft.netcore.app.ref\6.0.5\ref\net6.0\System.Linq.dll;C:\Users\Robert\.nuget\packages\microsoft.netcore.app.ref\6.0.5\ref\net6.0\System.Linq.Expressions.dll;C:\Users\Robert\.nuget\packages\microsoft.netcore.app.ref\6.0.5\ref\net6.0\System.Linq.Parallel.dll;C:\Users\Robert\.nuget\packages\microsoft.netcore.app.ref\6.0.5\ref\net6.0\System.Linq.Queryable.dll;C:\Users\Robert\.nuget\packages\microsoft.netcore.app.ref\6.0.5\ref\net6.0\System.Memory.dll;C:\Users\Robert\.nuget\packages\microsoft.netcore.app.ref\6.0.5\ref\net6.0\System.Net.dll;C:\Users\Robert\.nuget\packages\microsoft.netcore.app.ref\6.0.5\ref\net6.0\System.Net.Http.dll;C:\Users\Robert\.nuget\packages\microsoft.netcore.app.ref\6.0.5\ref\net6.0\System.Net.Http.Json.dll;C:\Users\Robert\.nuget\packages\microsoft.netcore.app.ref\6.0.5\ref\net6.0\System.Net.HttpListener.dll;C:\Users\Robert\.nuget\packages\microsoft.netcore.app.ref\6.0.5\ref\net6.0\System.Net.Mail.dll;C:\Users\Robert\.nuget\packages\microsoft.netcore.app.ref\6.0.5\ref\net6.0\System.Net.NameResolution.dll;C:\Users\Robert\.nuget\packages\microsoft.netcore.app.ref\6.0.5\ref\net6.0\System.Net.NetworkInformation.dll;C:\Users\Robert\.nuget\packages\microsoft.netcore.app.ref\6.0.5\ref\net6.0\System.Net.Ping.dll;C:\Users\Robert\.nuget\packages\microsoft.netcore.app.ref\6.0.5\ref\net6.0\System.Net.Primitives.dll;C:\Users\Robert\.nuget\packages\microsoft.netcore.app.ref\6.0.5\ref\net6.0\System.Net.Requests.dll;C:\Users\Robert\.nuget\packages\microsoft.netcore.app.ref\6.0.5\ref\net6.0\System.Net.Security.dll;C:\Users\Robert\.nuget\packages\microsoft.netcore.app.ref\6.0.5\ref\net6.0\System.Net.ServicePoint.dll;C:\Users\Robert\.nuget\packages\microsoft.netcore.app.ref\6.0.5\ref\net6.0\System.Net.Sockets.dll;C:\Users\Robert\.nuget\packages\microsoft.netcore.app.ref\6.0.5\ref\net6.0\System.Net.WebClient.dll;C:\Users\Robert\.nuget\packages\microsoft.netcore.app.ref\6.0.5\ref\net6.0\System.Net.WebHeaderCollection.dll;C:\Users\Robert\.nuget\packages\microsoft.netcore.app.ref\6.0.5\ref\net6.0\System.Net.WebProxy.dll;C:\Users\Robert\.nuget\packages\microsoft.netcore.app.ref\6.0.5\ref\net6.0\System.Net.WebSockets.Client.dll;C:\Users\Robert\.nuget\packages\microsoft.netcore.app.ref\6.0.5\ref\net6.0\System.Net.WebSockets.dll;C:\Users\Robert\.nuget\packages\microsoft.netcore.app.ref\6.0.5\ref\net6.0\System.Numerics.dll;C:\Users\Robert\.nuget\packages\microsoft.netcore.app.ref\6.0.5\ref\net6.0\System.Numerics.Vectors.dll;C:\Users\Robert\.nuget\packages\microsoft.netcore.app.ref\6.0.5\ref\net6.0\System.ObjectModel.dll;C:\Users\Robert\.nuget\packages\microsoft.netcore.app.ref\6.0.5\ref\net6.0\System.Reflection.DispatchProxy.dll;C:\Users\Robert\.nuget\packages\microsoft.netcore.app.ref\6.0.5\ref\net6.0\System.Reflection.dll;C:\Users\Robert\.nuget\packages\microsoft.netcore.app.ref\6.0.5\ref\net6.0\System.Reflection.Emit.dll;C:\Users\Robert\.nuget\packages\microsoft.netcore.app.ref\6.0.5\ref\net6.0\System.Reflection.Emit.ILGeneration.dll;C:\Users\Robert\.nuget\packages\microsoft.netcore.app.ref\6.0.5\ref\net6.0\System.Reflection.Emit.Lightweight.dll;C:\Users\Robert\.nuget\packages\microsoft.netcore.app.ref\6.0.5\ref\net6.0\System.Reflection.Extensions.dll;C:\Users\Robert\.nuget\packages\microsoft.netcore.app.ref\6.0.5\ref\net6.0\System.Reflection.Metadata.dll;C:\Users\Robert\.nuget\packages\microsoft.netcore.app.ref\6.0.5\ref\net6.0\System.Reflection.Primitives.dll;C:\Users\Robert\.nuget\packages\microsoft.netcore.app.ref\6.0.5\ref\net6.0\System.Reflection.TypeExtensions.dll;C:\Users\Robert\.nuget\packages\microsoft.netcore.app.ref\6.0.5\ref\net6.0\System.Resources.Reader.dll;C:\Users\Robert\.nuget\packages\microsoft.netcore.app.ref\6.0.5\ref\net6.0\System.Resources.ResourceManager.dll;C:\Users\Robert\.nuget\packages\microsoft.netcore.app.ref\6.0.5\ref\net6.0\System.Resources.Writer.dll;C:\Users\Robert\.nuget\packages\microsoft.netcore.app.ref\6.0.5\ref\net6.0\System.Runtime.CompilerServices.Unsafe.dll;C:\Users\Robert\.nuget\packages\microsoft.netcore.app.ref\6.0.5\ref\net6.0\System.Runtime.CompilerServices.VisualC.dll;C:\Users\Robert\.nuget\packages\microsoft.netcore.app.ref\6.0.5\ref\net6.0\System.Runtime.dll;C:\Users\Robert\.nuget\packages\microsoft.netcore.app.ref\6.0.5\ref\net6.0\System.Runtime.Extensions.dll;C:\Users\Robert\.nuget\packages\microsoft.netcore.app.ref\6.0.5\ref\net6.0\System.Runtime.Handles.dll;C:\Users\Robert\.nuget\packages\microsoft.netcore.app.ref\6.0.5\ref\net6.0\System.Runtime.InteropServices.dll;C:\Users\Robert\.nuget\packages\microsoft.netcore.app.ref\6.0.5\ref\net6.0\System.Runtime.InteropServices.RuntimeInformation.dll;C:\Users\Robert\.nuget\packages\microsoft.netcore.app.ref\6.0.5\ref\net6.0\System.Runtime.Intrinsics.dll;C:\Users\Robert\.nuget\packages\microsoft.netcore.app.ref\6.0.5\ref\net6.0\System.Runtime.Loader.dll;C:\Users\Robert\.nuget\packages\microsoft.netcore.app.ref\6.0.5\ref\net6.0\System.Runtime.Numerics.dll;C:\Users\Robert\.nuget\packages\microsoft.netcore.app.ref\6.0.5\ref\net6.0\System.Runtime.Serialization.dll;C:\Users\Robert\.nuget\packages\microsoft.netcore.app.ref\6.0.5\ref\net6.0\System.Runtime.Serialization.Formatters.dll;C:\Users\Robert\.nuget\packages\microsoft.netcore.app.ref\6.0.5\ref\net6.0\System.Runtime.Serialization.Json.dll;C:\Users\Robert\.nuget\packages\microsoft.netcore.app.ref\6.0.5\ref\net6.0\System.Runtime.Serialization.Primitives.dll;C:\Users\Robert\.nuget\packages\microsoft.netcore.app.ref\6.0.5\ref\net6.0\System.Runtime.Serialization.Xml.dll;C:\Users\Robert\.nuget\packages\microsoft.netcore.app.ref\6.0.5\ref\net6.0\System.Security.AccessControl.dll;C:\Users\Robert\.nuget\packages\microsoft.netcore.app.ref\6.0.5\ref\net6.0\System.Security.Claims.dll;C:\Users\Robert\.nuget\packages\microsoft.netcore.app.ref\6.0.5\ref\net6.0\System.Security.Cryptography.Algorithms.dll;C:\Users\Robert\.nuget\packages\microsoft.netcore.app.ref\6.0.5\ref\net6.0\System.Security.Cryptography.Cng.dll;C:\Users\Robert\.nuget\packages\microsoft.netcore.app.ref\6.0.5\ref\net6.0\System.Security.Cryptography.Csp.dll;C:\Users\Robert\.nuget\packages\microsoft.netcore.app.ref\6.0.5\ref\net6.0\System.Security.Cryptography.Encoding.dll;C:\Users\Robert\.nuget\packages\microsoft.netcore.app.ref\6.0.5\ref\net6.0\System.Security.Cryptography.OpenSsl.dll;C:\Users\Robert\.nuget\packages\microsoft.netcore.app.ref\6.0.5\ref\net6.0\System.Security.Cryptography.Primitives.dll;C:\Users\Robert\.nuget\packages\microsoft.netcore.app.ref\6.0.5\ref\net6.0\System.Security.Cryptography.X509Certificates.dll;C:\Users\Robert\.nuget\packages\microsoft.netcore.app.ref\6.0.5\ref\net6.0\System.Security.dll;C:\Users\Robert\.nuget\packages\microsoft.netcore.app.ref\6.0.5\ref\net6.0\System.Security.Principal.dll;C:\Users\Robert\.nuget\packages\microsoft.netcore.app.ref\6.0.5\ref\net6.0\System.Security.Principal.Windows.dll;C:\Users\Robert\.nuget\packages\microsoft.netcore.app.ref\6.0.5\ref\net6.0\System.Security.SecureString.dll;C:\Users\Robert\.nuget\packages\microsoft.netcore.app.ref\6.0.5\ref\net6.0\System.ServiceModel.Web.dll;C:\Users\Robert\.nuget\packages\microsoft.netcore.app.ref\6.0.5\ref\net6.0\System.ServiceProcess.dll;C:\Users\Robert\.nuget\packages\microsoft.netcore.app.ref\6.0.5\ref\net6.0\System.Text.Encoding.CodePages.dll;C:\Users\Robert\.nuget\packages\microsoft.netcore.app.ref\6.0.5\ref\net6.0\System.Text.Encoding.dll;C:\Users\Robert\.nuget\packages\microsoft.netcore.app.ref\6.0.5\ref\net6.0\System.Text.Encoding.Extensions.dll;C:\Users\Robert\.nuget\packages\microsoft.netcore.app.ref\6.0.5\ref\net6.0\System.Text.Encodings.Web.dll;C:\Users\Robert\.nuget\packages\microsoft.netcore.app.ref\6.0.5\ref\net6.0\System.Text.Json.dll;C:\Users\Robert\.nuget\packages\microsoft.netcore.app.ref\6.0.5\ref\net6.0\System.Threading.Channels.dll;C:\Users\Robert\.nuget\packages\microsoft.netcore.app.ref\6.0.5\ref\net6.0\System.Threading.dll;C:\Users\Robert\.nuget\packages\microsoft.netcore.app.ref\6.0.5\ref\net6.0\System.Threading.Overlapped.dll;C:\Users\Robert\.nuget\packages\microsoft.netcore.app.ref\6.0.5\ref\net6.0\System.Threading.Tasks.Dataflow.dll;C:\Users\Robert\.nuget\packages\microsoft.netcore.app.ref\6.0.5\ref\net6.0\System.Threading.Tasks.dll;C:\Users\Robert\.nuget\packages\microsoft.netcore.app.ref\6.0.5\ref\net6.0\System.Threading.Tasks.Extensions.dll;C:\Users\Robert\.nuget\packages\microsoft.netcore.app.ref\6.0.5\ref\net6.0\System.Threading.Tasks.Parallel.dll;C:\Users\Robert\.nuget\packages\microsoft.netcore.app.ref\6.0.5\ref\net6.0\System.Threading.Thread.dll;C:\Users\Robert\.nuget\packages\microsoft.netcore.app.ref\6.0.5\ref\net6.0\System.Threading.ThreadPool.dll;C:\Users\Robert\.nuget\packages\microsoft.netcore.app.ref\6.0.5\ref\net6.0\System.Threading.Timer.dll;C:\Users\Robert\.nuget\packages\microsoft.netcore.app.ref\6.0.5\ref\net6.0\System.Transactions.dll;C:\Users\Robert\.nuget\packages\microsoft.netcore.app.ref\6.0.5\ref\net6.0\System.Transactions.Local.dll;C:\Users\Robert\.nuget\packages\microsoft.netcore.app.ref\6.0.5\ref\net6.0\System.ValueTuple.dll;C:\Users\Robert\.nuget\packages\microsoft.netcore.app.ref\6.0.5\ref\net6.0\System.Web.dll;C:\Users\Robert\.nuget\packages\microsoft.netcore.app.ref\6.0.5\ref\net6.0\System.Web.HttpUtility.dll;C:\Users\Robert\.nuget\packages\microsoft.netcore.app.ref\6.0.5\ref\net6.0\System.Windows.dll;C:\Users\Robert\.nuget\packages\microsoft.netcore.app.ref\6.0.5\ref\net6.0\System.Xml.dll;C:\Users\Robert\.nuget\packages\microsoft.netcore.app.ref\6.0.5\ref\net6.0\System.Xml.Linq.dll;C:\Users\Robert\.nuget\packages\microsoft.netcore.app.ref\6.0.5\ref\net6.0\System.Xml.ReaderWriter.dll;C:\Users\Robert\.nuget\packages\microsoft.netcore.app.ref\6.0.5\ref\net6.0\System.Xml.Serialization.dll;C:\Users\Robert\.nuget\packages\microsoft.netcore.app.ref\6.0.5\ref\net6.0\System.Xml.XDocument.dll;C:\Users\Robert\.nuget\packages\microsoft.netcore.app.ref\6.0.5\ref\net6.0\System.Xml.XmlDocument.dll;C:\Users\Robert\.nuget\packages\microsoft.netcore.app.ref\6.0.5\ref\net6.0\System.Xml.XmlSerializer.dll;C:\Users\Robert\.nuget\packages\microsoft.netcore.app.ref\6.0.5\ref\net6.0\System.Xml.XPath.dll;C:\Users\Robert\.nuget\packages\microsoft.netcore.app.ref\6.0.5\ref\net6.0\System.Xml.XPath.XDocument.dll;C:\Users\Robert\.nuget\packages\microsoft.netcore.app.ref\6.0.5\ref\net6.0\WindowsBase.dll;C:\Users\Robert\.nuget\packages\xunit.abstractions\2.0.3\lib\netstandard2.0\xunit.abstractions.dll;C:\Users\Robert\.nuget\packages\xunit.assert\2.4.1\lib\netstandard1.1\xunit.assert.dll;C:\Users\Robert\.nuget\packages\xunit.extensibility.core\2.4.1\lib\netstandard1.1\xunit.core.dll;C:\Users\Robert\.nuget\packages\xunit.extensibility.execution\2.4.1\lib\netstandard1.1\xunit.execution.dotnet.dll +++
  ReferencePathToBeRemoved +++ C:\Users\Robert\.nuget\packages\microsoft.netcore.app.ref\6.0.5\ref\net6.0\System.Text.RegularExpressions.dll +++
  ReferencePath +++ C:\Users\Robert\.nuget\packages\microsoft.netcore.app.ref\6.0.5\ref\net6.0\Microsoft.CSharp.dll;C:\Users\Robert\.nuget\packages\microsoft.netcore.app.ref\6.0.5\ref\net6.0\Microsoft.VisualBasic.Core.dll;C:\Users\Robert\.nuget\packages\microsoft.netcore.app.ref\6.0.5\ref\net6.0\Microsoft.VisualBasic.dll;C:\Users\Robert\.nuget\packages\microsoft.netcore.app.ref\6.0.5\ref\net6.0\Microsoft.Win32.Primitives.dll;C:\Users\Robert\.nuget\packages\microsoft.netcore.app.ref\6.0.5\ref\net6.0\Microsoft.Win32.Registry.dll;C:\Users\Robert\.nuget\packages\microsoft.netcore.app.ref\6.0.5\ref\net6.0\mscorlib.dll;C:\Users\Robert\.nuget\packages\microsoft.netcore.app.ref\6.0.5\ref\net6.0\netstandard.dll;C:\Users\Robert\.nuget\packages\microsoft.netcore.app.ref\6.0.5\ref\net6.0\System.AppContext.dll;C:\Users\Robert\.nuget\packages\microsoft.netcore.app.ref\6.0.5\ref\net6.0\System.Buffers.dll;C:\Users\Robert\.nuget\packages\microsoft.netcore.app.ref\6.0.5\ref\net6.0\System.Collections.Concurrent.dll;C:\Users\Robert\.nuget\packages\microsoft.netcore.app.ref\6.0.5\ref\net6.0\System.Collections.dll;C:\Users\Robert\.nuget\packages\microsoft.netcore.app.ref\6.0.5\ref\net6.0\System.Collections.Immutable.dll;C:\Users\Robert\.nuget\packages\microsoft.netcore.app.ref\6.0.5\ref\net6.0\System.Collections.NonGeneric.dll;C:\Users\Robert\.nuget\packages\microsoft.netcore.app.ref\6.0.5\ref\net6.0\System.Collections.Specialized.dll;C:\Users\Robert\.nuget\packages\microsoft.netcore.app.ref\6.0.5\ref\net6.0\System.ComponentModel.Annotations.dll;C:\Users\Robert\.nuget\packages\microsoft.netcore.app.ref\6.0.5\ref\net6.0\System.ComponentModel.DataAnnotations.dll;C:\Users\Robert\.nuget\packages\microsoft.netcore.app.ref\6.0.5\ref\net6.0\System.ComponentModel.dll;C:\Users\Robert\.nuget\packages\microsoft.netcore.app.ref\6.0.5\ref\net6.0\System.ComponentModel.EventBasedAsync.dll;C:\Users\Robert\.nuget\packages\microsoft.netcore.app.ref\6.0.5\ref\net6.0\System.ComponentModel.Primitives.dll;C:\Users\Robert\.nuget\packages\microsoft.netcore.app.ref\6.0.5\ref\net6.0\System.ComponentModel.TypeConverter.dll;C:\Users\Robert\.nuget\packages\microsoft.netcore.app.ref\6.0.5\ref\net6.0\System.Configuration.dll;C:\Users\Robert\.nuget\packages\microsoft.netcore.app.ref\6.0.5\ref\net6.0\System.Console.dll;C:\Users\Robert\.nuget\packages\microsoft.netcore.app.ref\6.0.5\ref\net6.0\System.Core.dll;C:\Users\Robert\.nuget\packages\microsoft.netcore.app.ref\6.0.5\ref\net6.0\System.Data.Common.dll;C:\Users\Robert\.nuget\packages\microsoft.netcore.app.ref\6.0.5\ref\net6.0\System.Data.DataSetExtensions.dll;C:\Users\Robert\.nuget\packages\microsoft.netcore.app.ref\6.0.5\ref\net6.0\System.Data.dll;C:\Users\Robert\.nuget\packages\microsoft.netcore.app.ref\6.0.5\ref\net6.0\System.Diagnostics.Contracts.dll;C:\Users\Robert\.nuget\packages\microsoft.netcore.app.ref\6.0.5\ref\net6.0\System.Diagnostics.Debug.dll;C:\Users\Robert\.nuget\packages\microsoft.netcore.app.ref\6.0.5\ref\net6.0\System.Diagnostics.DiagnosticSource.dll;C:\Users\Robert\.nuget\packages\microsoft.netcore.app.ref\6.0.5\ref\net6.0\System.Diagnostics.FileVersionInfo.dll;C:\Users\Robert\.nuget\packages\microsoft.netcore.app.ref\6.0.5\ref\net6.0\System.Diagnostics.Process.dll;C:\Users\Robert\.nuget\packages\microsoft.netcore.app.ref\6.0.5\ref\net6.0\System.Diagnostics.StackTrace.dll;C:\Users\Robert\.nuget\packages\microsoft.netcore.app.ref\6.0.5\ref\net6.0\System.Diagnostics.TextWriterTraceListener.dll;C:\Users\Robert\.nuget\packages\microsoft.netcore.app.ref\6.0.5\ref\net6.0\System.Diagnostics.Tools.dll;C:\Users\Robert\.nuget\packages\microsoft.netcore.app.ref\6.0.5\ref\net6.0\System.Diagnostics.TraceSource.dll;C:\Users\Robert\.nuget\packages\microsoft.netcore.app.ref\6.0.5\ref\net6.0\System.Diagnostics.Tracing.dll;C:\Users\Robert\.nuget\packages\microsoft.netcore.app.ref\6.0.5\ref\net6.0\System.dll;C:\Users\Robert\.nuget\packages\microsoft.netcore.app.ref\6.0.5\ref\net6.0\System.Drawing.dll;C:\Users\Robert\.nuget\packages\microsoft.netcore.app.ref\6.0.5\ref\net6.0\System.Drawing.Primitives.dll;C:\Users\Robert\.nuget\packages\microsoft.netcore.app.ref\6.0.5\ref\net6.0\System.Dynamic.Runtime.dll;C:\Users\Robert\.nuget\packages\microsoft.netcore.app.ref\6.0.5\ref\net6.0\System.Formats.Asn1.dll;C:\Users\Robert\.nuget\packages\microsoft.netcore.app.ref\6.0.5\ref\net6.0\System.Globalization.Calendars.dll;C:\Users\Robert\.nuget\packages\microsoft.netcore.app.ref\6.0.5\ref\net6.0\System.Globalization.dll;C:\Users\Robert\.nuget\packages\microsoft.netcore.app.ref\6.0.5\ref\net6.0\System.Globalization.Extensions.dll;C:\Users\Robert\.nuget\packages\microsoft.netcore.app.ref\6.0.5\ref\net6.0\System.IO.Compression.Brotli.dll;C:\Users\Robert\.nuget\packages\microsoft.netcore.app.ref\6.0.5\ref\net6.0\System.IO.Compression.dll;C:\Users\Robert\.nuget\packages\microsoft.netcore.app.ref\6.0.5\ref\net6.0\System.IO.Compression.FileSystem.dll;C:\Users\Robert\.nuget\packages\microsoft.netcore.app.ref\6.0.5\ref\net6.0\System.IO.Compression.ZipFile.dll;C:\Users\Robert\.nuget\packages\microsoft.netcore.app.ref\6.0.5\ref\net6.0\System.IO.dll;C:\Users\Robert\.nuget\packages\microsoft.netcore.app.ref\6.0.5\ref\net6.0\System.IO.FileSystem.AccessControl.dll;C:\Users\Robert\.nuget\packages\microsoft.netcore.app.ref\6.0.5\ref\net6.0\System.IO.FileSystem.dll;C:\Users\Robert\.nuget\packages\microsoft.netcore.app.ref\6.0.5\ref\net6.0\System.IO.FileSystem.DriveInfo.dll;C:\Users\Robert\.nuget\packages\microsoft.netcore.app.ref\6.0.5\ref\net6.0\System.IO.FileSystem.Primitives.dll;C:\Users\Robert\.nuget\packages\microsoft.netcore.app.ref\6.0.5\ref\net6.0\System.IO.FileSystem.Watcher.dll;C:\Users\Robert\.nuget\packages\microsoft.netcore.app.ref\6.0.5\ref\net6.0\System.IO.IsolatedStorage.dll;C:\Users\Robert\.nuget\packages\microsoft.netcore.app.ref\6.0.5\ref\net6.0\System.IO.MemoryMappedFiles.dll;C:\Users\Robert\.nuget\packages\microsoft.netcore.app.ref\6.0.5\ref\net6.0\System.IO.Pipes.AccessControl.dll;C:\Users\Robert\.nuget\packages\microsoft.netcore.app.ref\6.0.5\ref\net6.0\System.IO.Pipes.dll;C:\Users\Robert\.nuget\packages\microsoft.netcore.app.ref\6.0.5\ref\net6.0\System.IO.UnmanagedMemoryStream.dll;C:\Users\Robert\.nuget\packages\microsoft.netcore.app.ref\6.0.5\ref\net6.0\System.Linq.dll;C:\Users\Robert\.nuget\packages\microsoft.netcore.app.ref\6.0.5\ref\net6.0\System.Linq.Expressions.dll;C:\Users\Robert\.nuget\packages\microsoft.netcore.app.ref\6.0.5\ref\net6.0\System.Linq.Parallel.dll;C:\Users\Robert\.nuget\packages\microsoft.netcore.app.ref\6.0.5\ref\net6.0\System.Linq.Queryable.dll;C:\Users\Robert\.nuget\packages\microsoft.netcore.app.ref\6.0.5\ref\net6.0\System.Memory.dll;C:\Users\Robert\.nuget\packages\microsoft.netcore.app.ref\6.0.5\ref\net6.0\System.Net.dll;C:\Users\Robert\.nuget\packages\microsoft.netcore.app.ref\6.0.5\ref\net6.0\System.Net.Http.dll;C:\Users\Robert\.nuget\packages\microsoft.netcore.app.ref\6.0.5\ref\net6.0\System.Net.Http.Json.dll;C:\Users\Robert\.nuget\packages\microsoft.netcore.app.ref\6.0.5\ref\net6.0\System.Net.HttpListener.dll;C:\Users\Robert\.nuget\packages\microsoft.netcore.app.ref\6.0.5\ref\net6.0\System.Net.Mail.dll;C:\Users\Robert\.nuget\packages\microsoft.netcore.app.ref\6.0.5\ref\net6.0\System.Net.NameResolution.dll;C:\Users\Robert\.nuget\packages\microsoft.netcore.app.ref\6.0.5\ref\net6.0\System.Net.NetworkInformation.dll;C:\Users\Robert\.nuget\packages\microsoft.netcore.app.ref\6.0.5\ref\net6.0\System.Net.Ping.dll;C:\Users\Robert\.nuget\packages\microsoft.netcore.app.ref\6.0.5\ref\net6.0\System.Net.Primitives.dll;C:\Users\Robert\.nuget\packages\microsoft.netcore.app.ref\6.0.5\ref\net6.0\System.Net.Requests.dll;C:\Users\Robert\.nuget\packages\microsoft.netcore.app.ref\6.0.5\ref\net6.0\System.Net.Security.dll;C:\Users\Robert\.nuget\packages\microsoft.netcore.app.ref\6.0.5\ref\net6.0\System.Net.ServicePoint.dll;C:\Users\Robert\.nuget\packages\microsoft.netcore.app.ref\6.0.5\ref\net6.0\System.Net.Sockets.dll;C:\Users\Robert\.nuget\packages\microsoft.netcore.app.ref\6.0.5\ref\net6.0\System.Net.WebClient.dll;C:\Users\Robert\.nuget\packages\microsoft.netcore.app.ref\6.0.5\ref\net6.0\System.Net.WebHeaderCollection.dll;C:\Users\Robert\.nuget\packages\microsoft.netcore.app.ref\6.0.5\ref\net6.0\System.Net.WebProxy.dll;C:\Users\Robert\.nuget\packages\microsoft.netcore.app.ref\6.0.5\ref\net6.0\System.Net.WebSockets.Client.dll;C:\Users\Robert\.nuget\packages\microsoft.netcore.app.ref\6.0.5\ref\net6.0\System.Net.WebSockets.dll;C:\Users\Robert\.nuget\packages\microsoft.netcore.app.ref\6.0.5\ref\net6.0\System.Numerics.dll;C:\Users\Robert\.nuget\packages\microsoft.netcore.app.ref\6.0.5\ref\net6.0\System.Numerics.Vectors.dll;C:\Users\Robert\.nuget\packages\microsoft.netcore.app.ref\6.0.5\ref\net6.0\System.ObjectModel.dll;C:\Users\Robert\.nuget\packages\microsoft.netcore.app.ref\6.0.5\ref\net6.0\System.Reflection.DispatchProxy.dll;C:\Users\Robert\.nuget\packages\microsoft.netcore.app.ref\6.0.5\ref\net6.0\System.Reflection.dll;C:\Users\Robert\.nuget\packages\microsoft.netcore.app.ref\6.0.5\ref\net6.0\System.Reflection.Emit.dll;C:\Users\Robert\.nuget\packages\microsoft.netcore.app.ref\6.0.5\ref\net6.0\System.Reflection.Emit.ILGeneration.dll;C:\Users\Robert\.nuget\packages\microsoft.netcore.app.ref\6.0.5\ref\net6.0\System.Reflection.Emit.Lightweight.dll;C:\Users\Robert\.nuget\packages\microsoft.netcore.app.ref\6.0.5\ref\net6.0\System.Reflection.Extensions.dll;C:\Users\Robert\.nuget\packages\microsoft.netcore.app.ref\6.0.5\ref\net6.0\System.Reflection.Metadata.dll;C:\Users\Robert\.nuget\packages\microsoft.netcore.app.ref\6.0.5\ref\net6.0\System.Reflection.Primitives.dll;C:\Users\Robert\.nuget\packages\microsoft.netcore.app.ref\6.0.5\ref\net6.0\System.Reflection.TypeExtensions.dll;C:\Users\Robert\.nuget\packages\microsoft.netcore.app.ref\6.0.5\ref\net6.0\System.Resources.Reader.dll;C:\Users\Robert\.nuget\packages\microsoft.netcore.app.ref\6.0.5\ref\net6.0\System.Resources.ResourceManager.dll;C:\Users\Robert\.nuget\packages\microsoft.netcore.app.ref\6.0.5\ref\net6.0\System.Resources.Writer.dll;C:\Users\Robert\.nuget\packages\microsoft.netcore.app.ref\6.0.5\ref\net6.0\System.Runtime.CompilerServices.Unsafe.dll;C:\Users\Robert\.nuget\packages\microsoft.netcore.app.ref\6.0.5\ref\net6.0\System.Runtime.CompilerServices.VisualC.dll;C:\Users\Robert\.nuget\packages\microsoft.netcore.app.ref\6.0.5\ref\net6.0\System.Runtime.dll;C:\Users\Robert\.nuget\packages\microsoft.netcore.app.ref\6.0.5\ref\net6.0\System.Runtime.Extensions.dll;C:\Users\Robert\.nuget\packages\microsoft.netcore.app.ref\6.0.5\ref\net6.0\System.Runtime.Handles.dll;C:\Users\Robert\.nuget\packages\microsoft.netcore.app.ref\6.0.5\ref\net6.0\System.Runtime.InteropServices.dll;C:\Users\Robert\.nuget\packages\microsoft.netcore.app.ref\6.0.5\ref\net6.0\System.Runtime.InteropServices.RuntimeInformation.dll;C:\Users\Robert\.nuget\packages\microsoft.netcore.app.ref\6.0.5\ref\net6.0\System.Runtime.Intrinsics.dll;C:\Users\Robert\.nuget\packages\microsoft.netcore.app.ref\6.0.5\ref\net6.0\System.Runtime.Loader.dll;C:\Users\Robert\.nuget\packages\microsoft.netcore.app.ref\6.0.5\ref\net6.0\System.Runtime.Numerics.dll;C:\Users\Robert\.nuget\packages\microsoft.netcore.app.ref\6.0.5\ref\net6.0\System.Runtime.Serialization.dll;C:\Users\Robert\.nuget\packages\microsoft.netcore.app.ref\6.0.5\ref\net6.0\System.Runtime.Serialization.Formatters.dll;C:\Users\Robert\.nuget\packages\microsoft.netcore.app.ref\6.0.5\ref\net6.0\System.Runtime.Serialization.Json.dll;C:\Users\Robert\.nuget\packages\microsoft.netcore.app.ref\6.0.5\ref\net6.0\System.Runtime.Serialization.Primitives.dll;C:\Users\Robert\.nuget\packages\microsoft.netcore.app.ref\6.0.5\ref\net6.0\System.Runtime.Serialization.Xml.dll;C:\Users\Robert\.nuget\packages\microsoft.netcore.app.ref\6.0.5\ref\net6.0\System.Security.AccessControl.dll;C:\Users\Robert\.nuget\packages\microsoft.netcore.app.ref\6.0.5\ref\net6.0\System.Security.Claims.dll;C:\Users\Robert\.nuget\packages\microsoft.netcore.app.ref\6.0.5\ref\net6.0\System.Security.Cryptography.Algorithms.dll;C:\Users\Robert\.nuget\packages\microsoft.netcore.app.ref\6.0.5\ref\net6.0\System.Security.Cryptography.Cng.dll;C:\Users\Robert\.nuget\packages\microsoft.netcore.app.ref\6.0.5\ref\net6.0\System.Security.Cryptography.Csp.dll;C:\Users\Robert\.nuget\packages\microsoft.netcore.app.ref\6.0.5\ref\net6.0\System.Security.Cryptography.Encoding.dll;C:\Users\Robert\.nuget\packages\microsoft.netcore.app.ref\6.0.5\ref\net6.0\System.Security.Cryptography.OpenSsl.dll;C:\Users\Robert\.nuget\packages\microsoft.netcore.app.ref\6.0.5\ref\net6.0\System.Security.Cryptography.Primitives.dll;C:\Users\Robert\.nuget\packages\microsoft.netcore.app.ref\6.0.5\ref\net6.0\System.Security.Cryptography.X509Certificates.dll;C:\Users\Robert\.nuget\packages\microsoft.netcore.app.ref\6.0.5\ref\net6.0\System.Security.dll;C:\Users\Robert\.nuget\packages\microsoft.netcore.app.ref\6.0.5\ref\net6.0\System.Security.Principal.dll;C:\Users\Robert\.nuget\packages\microsoft.netcore.app.ref\6.0.5\ref\net6.0\System.Security.Principal.Windows.dll;C:\Users\Robert\.nuget\packages\microsoft.netcore.app.ref\6.0.5\ref\net6.0\System.Security.SecureString.dll;C:\Users\Robert\.nuget\packages\microsoft.netcore.app.ref\6.0.5\ref\net6.0\System.ServiceModel.Web.dll;C:\Users\Robert\.nuget\packages\microsoft.netcore.app.ref\6.0.5\ref\net6.0\System.ServiceProcess.dll;C:\Users\Robert\.nuget\packages\microsoft.netcore.app.ref\6.0.5\ref\net6.0\System.Text.Encoding.CodePages.dll;C:\Users\Robert\.nuget\packages\microsoft.netcore.app.ref\6.0.5\ref\net6.0\System.Text.Encoding.dll;C:\Users\Robert\.nuget\packages\microsoft.netcore.app.ref\6.0.5\ref\net6.0\System.Text.Encoding.Extensions.dll;C:\Users\Robert\.nuget\packages\microsoft.netcore.app.ref\6.0.5\ref\net6.0\System.Text.Encodings.Web.dll;C:\Users\Robert\.nuget\packages\microsoft.netcore.app.ref\6.0.5\ref\net6.0\System.Text.Json.dll;C:\Users\Robert\.nuget\packages\microsoft.netcore.app.ref\6.0.5\ref\net6.0\System.Threading.Channels.dll;C:\Users\Robert\.nuget\packages\microsoft.netcore.app.ref\6.0.5\ref\net6.0\System.Threading.dll;C:\Users\Robert\.nuget\packages\microsoft.netcore.app.ref\6.0.5\ref\net6.0\System.Threading.Overlapped.dll;C:\Users\Robert\.nuget\packages\microsoft.netcore.app.ref\6.0.5\ref\net6.0\System.Threading.Tasks.Dataflow.dll;C:\Users\Robert\.nuget\packages\microsoft.netcore.app.ref\6.0.5\ref\net6.0\System.Threading.Tasks.dll;C:\Users\Robert\.nuget\packages\microsoft.netcore.app.ref\6.0.5\ref\net6.0\System.Threading.Tasks.Extensions.dll;C:\Users\Robert\.nuget\packages\microsoft.netcore.app.ref\6.0.5\ref\net6.0\System.Threading.Tasks.Parallel.dll;C:\Users\Robert\.nuget\packages\microsoft.netcore.app.ref\6.0.5\ref\net6.0\System.Threading.Thread.dll;C:\Users\Robert\.nuget\packages\microsoft.netcore.app.ref\6.0.5\ref\net6.0\System.Threading.ThreadPool.dll;C:\Users\Robert\.nuget\packages\microsoft.netcore.app.ref\6.0.5\ref\net6.0\System.Threading.Timer.dll;C:\Users\Robert\.nuget\packages\microsoft.netcore.app.ref\6.0.5\ref\net6.0\System.Transactions.dll;C:\Users\Robert\.nuget\packages\microsoft.netcore.app.ref\6.0.5\ref\net6.0\System.Transactions.Local.dll;C:\Users\Robert\.nuget\packages\microsoft.netcore.app.ref\6.0.5\ref\net6.0\System.ValueTuple.dll;C:\Users\Robert\.nuget\packages\microsoft.netcore.app.ref\6.0.5\ref\net6.0\System.Web.dll;C:\Users\Robert\.nuget\packages\microsoft.netcore.app.ref\6.0.5\ref\net6.0\System.Web.HttpUtility.dll;C:\Users\Robert\.nuget\packages\microsoft.netcore.app.ref\6.0.5\ref\net6.0\System.Windows.dll;C:\Users\Robert\.nuget\packages\microsoft.netcore.app.ref\6.0.5\ref\net6.0\System.Xml.dll;C:\Users\Robert\.nuget\packages\microsoft.netcore.app.ref\6.0.5\ref\net6.0\System.Xml.Linq.dll;C:\Users\Robert\.nuget\packages\microsoft.netcore.app.ref\6.0.5\ref\net6.0\System.Xml.ReaderWriter.dll;C:\Users\Robert\.nuget\packages\microsoft.netcore.app.ref\6.0.5\ref\net6.0\System.Xml.Serialization.dll;C:\Users\Robert\.nuget\packages\microsoft.netcore.app.ref\6.0.5\ref\net6.0\System.Xml.XDocument.dll;C:\Users\Robert\.nuget\packages\microsoft.netcore.app.ref\6.0.5\ref\net6.0\System.Xml.XmlDocument.dll;C:\Users\Robert\.nuget\packages\microsoft.netcore.app.ref\6.0.5\ref\net6.0\System.Xml.XmlSerializer.dll;C:\Users\Robert\.nuget\packages\microsoft.netcore.app.ref\6.0.5\ref\net6.0\System.Xml.XPath.dll;C:\Users\Robert\.nuget\packages\microsoft.netcore.app.ref\6.0.5\ref\net6.0\System.Xml.XPath.XDocument.dll;C:\Users\Robert\.nuget\packages\microsoft.netcore.app.ref\6.0.5\ref\net6.0\WindowsBase.dll;C:\Users\Robert\.nuget\packages\xunit.abstractions\2.0.3\lib\netstandard2.0\xunit.abstractions.dll;C:\Users\Robert\.nuget\packages\xunit.assert\2.4.1\lib\netstandard1.1\xunit.assert.dll;C:\Users\Robert\.nuget\packages\xunit.extensibility.core\2.4.1\lib\netstandard1.1\xunit.core.dll;C:\Users\Robert\.nuget\packages\xunit.extensibility.execution\2.4.1\lib\netstandard1.1\xunit.execution.dotnet.dll +++
c:\code\System.Text.RegularExpressions\tests\UnitTests\RegexPrefixAnalyzerTests.cs(59,32): warning CS8600: Converting null literal or possible null value to non-nullable type. [c:\code\System.Text.RegularExpressions\tests\UnitTests\System.Text.RegularExpressions.Unit.Tests.csproj]
c:\code\System.Text.RegularExpressions\tests\UnitTests\RegexPrefixAnalyzerTests.cs(62,63): warning CS8604: Possible null reference argument for parameter 'set' in 'string RegexPrefixAnalyzerTests.FormatSet(string set)'. [c:\code\System.Text.RegularExpressions\tests\UnitTests\System.Text.RegularExpressions.Unit.Tests.csproj]
c:\code\System.Text.RegularExpressions\tests\UnitTests\RegexPrefixAnalyzerTests.cs(62,93): warning CS8604: Possible null reference argument for parameter 'set' in 'string RegexPrefixAnalyzerTests.FormatSet(string set)'. [c:\code\System.Text.RegularExpressions\tests\UnitTests\System.Text.RegularExpressions.Unit.Tests.csproj]
c:\code\System.Text.RegularExpressions\tests\UnitTests\RegexFindOptimizationsTests.cs(114,29): warning CS8602: Dereference of a possibly null reference. [c:\code\System.Text.RegularExpressions\tests\UnitTests\System.Text.RegularExpressions.Unit.Tests.csproj]
c:\code\System.Text.RegularExpressions\tests\UnitTests\RegexFindOptimizationsTests.cs(127,42): warning CS8629: Nullable value type may be null. [c:\code\System.Text.RegularExpressions\tests\UnitTests\System.Text.RegularExpressions.Unit.Tests.csproj]
c:\code\System.Text.RegularExpressions\tests\UnitTests\SymbolicRegexTests.cs(249,24): error CS0117: 'AppContext' does not contain a definition for 'SetData' [c:\code\System.Text.RegularExpressions\tests\UnitTests\System.Text.RegularExpressions.Unit.Tests.csproj]
c:\code\System.Text.RegularExpressions\tests\UnitTests\SymbolicRegexTests.cs(251,24): error CS0117: 'AppContext' does not contain a definition for 'SetData' [c:\code\System.Text.RegularExpressions\tests\UnitTests\System.Text.RegularExpressions.Unit.Tests.csproj]
c:\code\System.Text.RegularExpressions\src\System\Text\RegularExpressions\RegexParser.cs(368,100): error CS0117: 'SR' does not contain a definition for 'InsufficientOpeningParentheses' [c:\code\System.Text.RegularExpressions\tests\UnitTests\System.Text.RegularExpressions.Unit.Tests.csproj]
c:\code\System.Text.RegularExpressions\src\System\Text\RegularExpressions\RegexParser.cs(384,94): error CS0117: 'SR' does not contain a definition for 'UnescapedEndingBackslash' [c:\code\System.Text.RegularExpressions\tests\UnitTests\System.Text.RegularExpressions.Unit.Tests.csproj]
c:\code\System.Text.RegularExpressions\src\System\Text\RegularExpressions\RegexParser.cs(411,111): error CS0117: 'SR' does not contain a definition for 'NestedQuantifiersNotParenthesized' [c:\code\System.Text.RegularExpressions\tests\UnitTests\System.Text.RegularExpressions.Unit.Tests.csproj]
c:\code\System.Text.RegularExpressions\src\System\Text\RegularExpressions\RegexParser.cs(412,100): error CS0117: 'SR' does not contain a definition for 'QuantifierAfterNothing' [c:\code\System.Text.RegularExpressions\tests\UnitTests\System.Text.RegularExpressions.Unit.Tests.csproj]
c:\code\System.Text.RegularExpressions\src\System\Text\RegularExpressions\RegexParser.cs(489,89): error CS0117: 'SR' does not contain a definition for 'ReversedQuantifierRange' [c:\code\System.Text.RegularExpressions\tests\UnitTests\System.Text.RegularExpressions.Unit.Tests.csproj]
c:\code\System.Text.RegularExpressions\src\System\Text\RegularExpressions\RegexParser.cs(504,88): error CS0117: 'SR' does not contain a definition for 'InsufficientClosingParentheses' [c:\code\System.Text.RegularExpressions\tests\UnitTests\System.Text.RegularExpressions.Unit.Tests.csproj]
c:\code\System.Text.RegularExpressions\src\System\Text\RegularExpressions\RegexParser.cs(601,118): error CS0117: 'SR' does not contain a definition for 'ShorthandClassInCharacterRange' [c:\code\System.Text.RegularExpressions\tests\UnitTests\System.Text.RegularExpressions.Unit.Tests.csproj]
c:\code\System.Text.RegularExpressions\src\System\Text\RegularExpressions\RegexParser.cs(613,118): error CS0117: 'SR' does not contain a definition for 'ShorthandClassInCharacterRange' [c:\code\System.Text.RegularExpressions\tests\UnitTests\System.Text.RegularExpressions.Unit.Tests.csproj]
c:\code\System.Text.RegularExpressions\src\System\Text\RegularExpressions\RegexParser.cs(625,118): error CS0117: 'SR' does not contain a definition for 'ShorthandClassInCharacterRange' [c:\code\System.Text.RegularExpressions\tests\UnitTests\System.Text.RegularExpressions.Unit.Tests.csproj]
c:\code\System.Text.RegularExpressions\src\System\Text\RegularExpressions\RegexParser.cs(638,118): error CS0117: 'SR' does not contain a definition for 'ShorthandClassInCharacterRange' [c:\code\System.Text.RegularExpressions\tests\UnitTests\System.Text.RegularExpressions.Unit.Tests.csproj]
c:\code\System.Text.RegularExpressions\src\System\Text\RegularExpressions\RegexParser.cs(656,104): error CS0117: 'SR' does not contain a definition for 'ReversedCharacterRange' [c:\code\System.Text.RegularExpressions\tests\UnitTests\System.Text.RegularExpressions.Unit.Tests.csproj]
c:\code\System.Text.RegularExpressions\src\System\Text\RegularExpressions\RegexParser.cs(708,95): error CS0117: 'SR' does not contain a definition for 'ExclusionGroupNotLast' [c:\code\System.Text.RegularExpressions\tests\UnitTests\System.Text.RegularExpressions.Unit.Tests.csproj]
c:\code\System.Text.RegularExpressions\src\System\Text\RegularExpressions\RegexParser.cs(716,96): error CS0117: 'SR' does not contain a definition for 'ReversedCharacterRange' [c:\code\System.Text.RegularExpressions\tests\UnitTests\System.Text.RegularExpressions.Unit.Tests.csproj]
c:\code\System.Text.RegularExpressions\src\System\Text\RegularExpressions\RegexParser.cs(741,91): error CS0117: 'SR' does not contain a definition for 'ExclusionGroupNotLast' [c:\code\System.Text.RegularExpressions\tests\UnitTests\System.Text.RegularExpressions.Unit.Tests.csproj]
c:\code\System.Text.RegularExpressions\src\System\Text\RegularExpressions\RegexParser.cs(756,77): error CS0117: 'SR' does not contain a definition for 'UnterminatedBracket' [c:\code\System.Text.RegularExpressions\tests\UnitTests\System.Text.RegularExpressions.Unit.Tests.csproj]
c:\code\System.Text.RegularExpressions\src\System\Text\RegularExpressions\RegexParser.cs(881,105): error CS0117: 'SR' does not contain a definition for 'CaptureGroupNameInvalid' [c:\code\System.Text.RegularExpressions\tests\UnitTests\System.Text.RegularExpressions.Unit.Tests.csproj]
c:\code\System.Text.RegularExpressions\src\System\Text\RegularExpressions\RegexParser.cs(886,100): error CS0117: 'SR' does not contain a definition for 'CaptureGroupOfZero' [c:\code\System.Text.RegularExpressions\tests\UnitTests\System.Text.RegularExpressions.Unit.Tests.csproj]
c:\code\System.Text.RegularExpressions\src\System\Text\RegularExpressions\RegexParser.cs(901,105): error CS0117: 'SR' does not contain a definition for 'CaptureGroupNameInvalid' [c:\code\System.Text.RegularExpressions\tests\UnitTests\System.Text.RegularExpressions.Unit.Tests.csproj]
c:\code\System.Text.RegularExpressions\src\System\Text\RegularExpressions\RegexParser.cs(911,101): error CS0117: 'SR' does not contain a definition for 'CaptureGroupNameInvalid' [c:\code\System.Text.RegularExpressions\tests\UnitTests\System.Text.RegularExpressions.Unit.Tests.csproj]
c:\code\System.Text.RegularExpressions\src\System\Text\RegularExpressions\RegexParser.cs(927,122): error CS0117: 'SR' does not contain a definition for 'UndefinedNumberedReference' [c:\code\System.Text.RegularExpressions\tests\UnitTests\System.Text.RegularExpressions.Unit.Tests.csproj]
c:\code\System.Text.RegularExpressions\src\System\Text\RegularExpressions\RegexParser.cs(933,109): error CS0117: 'SR' does not contain a definition for 'CaptureGroupNameInvalid' [c:\code\System.Text.RegularExpressions\tests\UnitTests\System.Text.RegularExpressions.Unit.Tests.csproj]
c:\code\System.Text.RegularExpressions\src\System\Text\RegularExpressions\RegexParser.cs(946,119): error CS0117: 'SR' does not contain a definition for 'UndefinedNamedReference' [c:\code\System.Text.RegularExpressions\tests\UnitTests\System.Text.RegularExpressions.Unit.Tests.csproj]
c:\code\System.Text.RegularExpressions\src\System\Text\RegularExpressions\RegexParser.cs(952,109): error CS0117: 'SR' does not contain a definition for 'CaptureGroupNameInvalid' [c:\code\System.Text.RegularExpressions\tests\UnitTests\System.Text.RegularExpressions.Unit.Tests.csproj]
c:\code\System.Text.RegularExpressions\src\System\Text\RegularExpressions\RegexParser.cs(958,105): error CS0117: 'SR' does not contain a definition for 'CaptureGroupNameInvalid' [c:\code\System.Text.RegularExpressions\tests\UnitTests\System.Text.RegularExpressions.Unit.Tests.csproj]
c:\code\System.Text.RegularExpressions\src\System\Text\RegularExpressions\RegexParser.cs(991,120): error CS0117: 'SR' does not contain a definition for 'AlternationHasUndefinedReference' [c:\code\System.Text.RegularExpressions\tests\UnitTests\System.Text.RegularExpressions.Unit.Tests.csproj]
c:\code\System.Text.RegularExpressions\src\System\Text\RegularExpressions\RegexParser.cs(994,116): error CS0117: 'SR' does not contain a definition for 'AlternationHasMalformedReference' [c:\code\System.Text.RegularExpressions\tests\UnitTests\System.Text.RegularExpressions.Unit.Tests.csproj]
c:\code\System.Text.RegularExpressions\src\System\Text\RegularExpressions\RegexParser.cs(1019,95): error CS0117: 'SR' does not contain a definition for 'AlternationHasComment' [c:\code\System.Text.RegularExpressions\tests\UnitTests\System.Text.RegularExpressions.Unit.Tests.csproj]
c:\code\System.Text.RegularExpressions\src\System\Text\RegularExpressions\RegexParser.cs(1025,100): error CS0117: 'SR' does not contain a definition for 'AlternationHasNamedCapture' [c:\code\System.Text.RegularExpressions\tests\UnitTests\System.Text.RegularExpressions.Unit.Tests.csproj]
c:\code\System.Text.RegularExpressions\src\System\Text\RegularExpressions\RegexParser.cs(1030,100): error CS0117: 'SR' does not contain a definition for 'AlternationHasNamedCapture' [c:\code\System.Text.RegularExpressions\tests\UnitTests\System.Text.RegularExpressions.Unit.Tests.csproj]
c:\code\System.Text.RegularExpressions\src\System\Text\RegularExpressions\RegexParser.cs(1070,78): error CS0117: 'SR' does not contain a definition for 'InvalidGroupingConstruct' [c:\code\System.Text.RegularExpressions\tests\UnitTests\System.Text.RegularExpressions.Unit.Tests.csproj]
c:\code\System.Text.RegularExpressions\src\System\Text\RegularExpressions\RegexParser.cs(1108,89): error CS0117: 'SR' does not contain a definition for 'UnterminatedComment' [c:\code\System.Text.RegularExpressions\tests\UnitTests\System.Text.RegularExpressions.Unit.Tests.csproj]
c:\code\System.Text.RegularExpressions\src\System\Text\RegularExpressions\RegexParser.cs(1136,85): error CS0117: 'SR' does not contain a definition for 'UnterminatedComment' [c:\code\System.Text.RegularExpressions\tests\UnitTests\System.Text.RegularExpressions.Unit.Tests.csproj]
c:\code\System.Text.RegularExpressions\src\System\Text\RegularExpressions\RegexCharClass.cs(1735,30): error CS0117: 'SR' does not contain a definition for 'MakeException' [c:\code\System.Text.RegularExpressions\tests\UnitTests\System.Text.RegularExpressions.Unit.Tests.csproj]
c:\code\System.Text.RegularExpressions\src\System\Text\RegularExpressions\RegexCharClass.cs(1735,79): error CS0117: 'SR' does not contain a definition for 'UnrecognizedUnicodeProperty' [c:\code\System.Text.RegularExpressions\tests\UnitTests\System.Text.RegularExpressions.Unit.Tests.csproj]
c:\code\System.Text.RegularExpressions\src\System\Text\RegularExpressions\RegexParser.cs(1249,85): error CS0117: 'SR' does not contain a definition for 'MalformedNamedReference' [c:\code\System.Text.RegularExpressions\tests\UnitTests\System.Text.RegularExpressions.Unit.Tests.csproj]
c:\code\System.Text.RegularExpressions\src\System\Text\RegularExpressions\RegexParser.cs(1276,102): error CS0117: 'SR' does not contain a definition for 'UndefinedNumberedReference' [c:\code\System.Text.RegularExpressions\tests\UnitTests\System.Text.RegularExpressions.Unit.Tests.csproj]
c:\code\System.Text.RegularExpressions\src\System\Text\RegularExpressions\RegexParser.cs(1326,102): error CS0117: 'SR' does not contain a definition for 'UndefinedNumberedReference' [c:\code\System.Text.RegularExpressions\tests\UnitTests\System.Text.RegularExpressions.Unit.Tests.csproj]
c:\code\System.Text.RegularExpressions\src\System\Text\RegularExpressions\RegexParser.cs(1342,99): error CS0117: 'SR' does not contain a definition for 'UndefinedNamedReference' [c:\code\System.Text.RegularExpressions\tests\UnitTests\System.Text.RegularExpressions.Unit.Tests.csproj]
c:\code\System.Text.RegularExpressions\src\System\Text\RegularExpressions\RegexParser.cs(1404,104): error CS0117: 'SR' does not contain a definition for 'QuantifierOrCaptureGroupOutOfRange' [c:\code\System.Text.RegularExpressions\tests\UnitTests\System.Text.RegularExpressions.Unit.Tests.csproj]
c:\code\System.Text.RegularExpressions\src\System\Text\RegularExpressions\RegexParser.cs(1554,96): error CS0117: 'SR' does not contain a definition for 'QuantifierOrCaptureGroupOutOfRange' [c:\code\System.Text.RegularExpressions\tests\UnitTests\System.Text.RegularExpressions.Unit.Tests.csproj]
c:\code\System.Text.RegularExpressions\src\System\Text\RegularExpressions\RegexParser.cs(1581,88): error CS0117: 'SR' does not contain a definition for 'InsufficientOrInvalidHexDigits' [c:\code\System.Text.RegularExpressions\tests\UnitTests\System.Text.RegularExpressions.Unit.Tests.csproj]
c:\code\System.Text.RegularExpressions\src\System\Text\RegularExpressions\RegexParser.cs(1613,81): error CS0117: 'SR' does not contain a definition for 'MissingControlCharacter' [c:\code\System.Text.RegularExpressions\tests\UnitTests\System.Text.RegularExpressions.Unit.Tests.csproj]
c:\code\System.Text.RegularExpressions\src\System\Text\RegularExpressions\RegexParser.cs(1630,82): error CS0117: 'SR' does not contain a definition for 'UnrecognizedControlCharacter' [c:\code\System.Text.RegularExpressions\tests\UnitTests\System.Text.RegularExpressions.Unit.Tests.csproj]
c:\code\System.Text.RegularExpressions\src\System\Text\RegularExpressions\Symbolic\RegexNodeConverter.cs(184,74): error CS0117: 'SR' does not contain a definition for 'NotSupported_NonBacktrackingConflictingExpression' [c:\code\System.Text.RegularExpressions\tests\UnitTests\System.Text.RegularExpressions.Unit.Tests.csproj]
c:\code\System.Text.RegularExpressions\src\System\Text\RegularExpressions\Symbolic\RegexNodeConverter.cs(186,156): error CS0117: 'SR' does not contain a definition for 'ExpressionDescription_AtomicSubexpressions' [c:\code\System.Text.RegularExpressions\tests\UnitTests\System.Text.RegularExpressions.Unit.Tests.csproj]
c:\code\System.Text.RegularExpressions\src\System\Text\RegularExpressions\Symbolic\RegexNodeConverter.cs(187,67): error CS0117: 'SR' does not contain a definition for 'ExpressionDescription_Backreference' [c:\code\System.Text.RegularExpressions\tests\UnitTests\System.Text.RegularExpressions.Unit.Tests.csproj]
c:\code\System.Text.RegularExpressions\src\System\Text\RegularExpressions\Symbolic\RegexNodeConverter.cs(188,78): error CS0117: 'SR' does not contain a definition for 'ExpressionDescription_Conditional' [c:\code\System.Text.RegularExpressions\tests\UnitTests\System.Text.RegularExpressions.Unit.Tests.csproj]
c:\code\System.Text.RegularExpressions\src\System\Text\RegularExpressions\Symbolic\RegexNodeConverter.cs(189,61): error CS0117: 'SR' does not contain a definition for 'ExpressionDescription_BalancingGroup' [c:\code\System.Text.RegularExpressions\tests\UnitTests\System.Text.RegularExpressions.Unit.Tests.csproj]
c:\code\System.Text.RegularExpressions\src\System\Text\RegularExpressions\Symbolic\RegexNodeConverter.cs(190,75): error CS0117: 'SR' does not contain a definition for 'ExpressionDescription_IfThenElse' [c:\code\System.Text.RegularExpressions\tests\UnitTests\System.Text.RegularExpressions.Unit.Tests.csproj]
c:\code\System.Text.RegularExpressions\src\System\Text\RegularExpressions\Symbolic\RegexNodeConverter.cs(191,72): error CS0117: 'SR' does not contain a definition for 'ExpressionDescription_NegativeLookaround' [c:\code\System.Text.RegularExpressions\tests\UnitTests\System.Text.RegularExpressions.Unit.Tests.csproj]
c:\code\System.Text.RegularExpressions\src\System\Text\RegularExpressions\Symbolic\RegexNodeConverter.cs(192,72): error CS0117: 'SR' does not contain a definition for 'ExpressionDescription_PositiveLookaround' [c:\code\System.Text.RegularExpressions\tests\UnitTests\System.Text.RegularExpressions.Unit.Tests.csproj]
c:\code\System.Text.RegularExpressions\src\System\Text\RegularExpressions\Symbolic\RegexNodeConverter.cs(193,59): error CS0117: 'SR' does not contain a definition for 'ExpressionDescription_ContiguousMatches' [c:\code\System.Text.RegularExpressions\tests\UnitTests\System.Text.RegularExpressions.Unit.Tests.csproj]
c:\code\System.Text.RegularExpressions\src\System\Text\RegularExpressions\RegexParser.cs(1706,94): error CS0117: 'SR' does not contain a definition for 'UnrecognizedEscape' [c:\code\System.Text.RegularExpressions\tests\UnitTests\System.Text.RegularExpressions.Unit.Tests.csproj]
c:\code\System.Text.RegularExpressions\src\System\Text\RegularExpressions\RegexParser.cs(1717,86): error CS0117: 'SR' does not contain a definition for 'InvalidUnicodePropertyEscape' [c:\code\System.Text.RegularExpressions\tests\UnitTests\System.Text.RegularExpressions.Unit.Tests.csproj]
c:\code\System.Text.RegularExpressions\src\System\Text\RegularExpressions\RegexParser.cs(1723,88): error CS0117: 'SR' does not contain a definition for 'MalformedUnicodePropertyEscape' [c:\code\System.Text.RegularExpressions\tests\UnitTests\System.Text.RegularExpressions.Unit.Tests.csproj]
c:\code\System.Text.RegularExpressions\src\System\Text\RegularExpressions\RegexParser.cs(1741,86): error CS0117: 'SR' does not contain a definition for 'InvalidUnicodePropertyEscape' [c:\code\System.Text.RegularExpressions\tests\UnitTests\System.Text.RegularExpressions.Unit.Tests.csproj]
c:\code\System.Text.RegularExpressions\src\System\Text\RegularExpressions\RegexParser.cs(2167,94): error CS0117: 'SR' does not contain a definition for 'AlternationHasMalformedCondition' [c:\code\System.Text.RegularExpressions\tests\UnitTests\System.Text.RegularExpressions.Unit.Tests.csproj]
c:\code\System.Text.RegularExpressions\src\System\Text\RegularExpressions\RegexParser.cs(2240,93): error CS0117: 'SR' does not contain a definition for 'AlternationHasTooManyConditions' [c:\code\System.Text.RegularExpressions\tests\UnitTests\System.Text.RegularExpressions.Unit.Tests.csproj]
c:\code\System.Text.RegularExpressions\src\System\Text\RegularExpressions\RegexParser.cs(2266,70): error CS0117: 'SR' does not contain a definition for 'MakeException' [c:\code\System.Text.RegularExpressions\tests\UnitTests\System.Text.RegularExpressions.Unit.Tests.csproj]
c:\code\System.Text.RegularExpressions\tests\UnitTests\RegexFindOptimizationsTests.cs(114,13): warning xUnit2013: Do not use Assert.Equal() to check for collection size. [c:\code\System.Text.RegularExpressions\tests\UnitTests\System.Text.RegularExpressions.Unit.Tests.csproj]

Build FAILED.

c:\code\System.Text.RegularExpressions\tests\UnitTests\RegexPrefixAnalyzerTests.cs(59,32): warning CS8600: Converting null literal or possible null value to non-nullable type. [c:\code\System.Text.RegularExpressions\tests\UnitTests\System.Text.RegularExpressions.Unit.Tests.csproj]
c:\code\System.Text.RegularExpressions\tests\UnitTests\RegexPrefixAnalyzerTests.cs(62,63): warning CS8604: Possible null reference argument for parameter 'set' in 'string RegexPrefixAnalyzerTests.FormatSet(string set)'. [c:\code\System.Text.RegularExpressions\tests\UnitTests\System.Text.RegularExpressions.Unit.Tests.csproj]
c:\code\System.Text.RegularExpressions\tests\UnitTests\RegexPrefixAnalyzerTests.cs(62,93): warning CS8604: Possible null reference argument for parameter 'set' in 'string RegexPrefixAnalyzerTests.FormatSet(string set)'. [c:\code\System.Text.RegularExpressions\tests\UnitTests\System.Text.RegularExpressions.Unit.Tests.csproj]
c:\code\System.Text.RegularExpressions\tests\UnitTests\RegexFindOptimizationsTests.cs(114,29): warning CS8602: Dereference of a possibly null reference. [c:\code\System.Text.RegularExpressions\tests\UnitTests\System.Text.RegularExpressions.Unit.Tests.csproj]
c:\code\System.Text.RegularExpressions\tests\UnitTests\RegexFindOptimizationsTests.cs(127,42): warning CS8629: Nullable value type may be null. [c:\code\System.Text.RegularExpressions\tests\UnitTests\System.Text.RegularExpressions.Unit.Tests.csproj]
c:\code\System.Text.RegularExpressions\tests\UnitTests\RegexFindOptimizationsTests.cs(114,13): warning xUnit2013: Do not use Assert.Equal() to check for collection size. [c:\code\System.Text.RegularExpressions\tests\UnitTests\System.Text.RegularExpressions.Unit.Tests.csproj]
c:\code\System.Text.RegularExpressions\tests\UnitTests\SymbolicRegexTests.cs(249,24): error CS0117: 'AppContext' does not contain a definition for 'SetData' [c:\code\System.Text.RegularExpressions\tests\UnitTests\System.Text.RegularExpressions.Unit.Tests.csproj]
c:\code\System.Text.RegularExpressions\tests\UnitTests\SymbolicRegexTests.cs(251,24): error CS0117: 'AppContext' does not contain a definition for 'SetData' [c:\code\System.Text.RegularExpressions\tests\UnitTests\System.Text.RegularExpressions.Unit.Tests.csproj]
c:\code\System.Text.RegularExpressions\src\System\Text\RegularExpressions\RegexParser.cs(368,100): error CS0117: 'SR' does not contain a definition for 'InsufficientOpeningParentheses' [c:\code\System.Text.RegularExpressions\tests\UnitTests\System.Text.RegularExpressions.Unit.Tests.csproj]
c:\code\System.Text.RegularExpressions\src\System\Text\RegularExpressions\RegexParser.cs(384,94): error CS0117: 'SR' does not contain a definition for 'UnescapedEndingBackslash' [c:\code\System.Text.RegularExpressions\tests\UnitTests\System.Text.RegularExpressions.Unit.Tests.csproj]
c:\code\System.Text.RegularExpressions\src\System\Text\RegularExpressions\RegexParser.cs(411,111): error CS0117: 'SR' does not contain a definition for 'NestedQuantifiersNotParenthesized' [c:\code\System.Text.RegularExpressions\tests\UnitTests\System.Text.RegularExpressions.Unit.Tests.csproj]
c:\code\System.Text.RegularExpressions\src\System\Text\RegularExpressions\RegexParser.cs(412,100): error CS0117: 'SR' does not contain a definition for 'QuantifierAfterNothing' [c:\code\System.Text.RegularExpressions\tests\UnitTests\System.Text.RegularExpressions.Unit.Tests.csproj]
c:\code\System.Text.RegularExpressions\src\System\Text\RegularExpressions\RegexParser.cs(489,89): error CS0117: 'SR' does not contain a definition for 'ReversedQuantifierRange' [c:\code\System.Text.RegularExpressions\tests\UnitTests\System.Text.RegularExpressions.Unit.Tests.csproj]
c:\code\System.Text.RegularExpressions\src\System\Text\RegularExpressions\RegexParser.cs(504,88): error CS0117: 'SR' does not contain a definition for 'InsufficientClosingParentheses' [c:\code\System.Text.RegularExpressions\tests\UnitTests\System.Text.RegularExpressions.Unit.Tests.csproj]
c:\code\System.Text.RegularExpressions\src\System\Text\RegularExpressions\RegexParser.cs(601,118): error CS0117: 'SR' does not contain a definition for 'ShorthandClassInCharacterRange' [c:\code\System.Text.RegularExpressions\tests\UnitTests\System.Text.RegularExpressions.Unit.Tests.csproj]
c:\code\System.Text.RegularExpressions\src\System\Text\RegularExpressions\RegexParser.cs(613,118): error CS0117: 'SR' does not contain a definition for 'ShorthandClassInCharacterRange' [c:\code\System.Text.RegularExpressions\tests\UnitTests\System.Text.RegularExpressions.Unit.Tests.csproj]
c:\code\System.Text.RegularExpressions\src\System\Text\RegularExpressions\RegexParser.cs(625,118): error CS0117: 'SR' does not contain a definition for 'ShorthandClassInCharacterRange' [c:\code\System.Text.RegularExpressions\tests\UnitTests\System.Text.RegularExpressions.Unit.Tests.csproj]
c:\code\System.Text.RegularExpressions\src\System\Text\RegularExpressions\RegexParser.cs(638,118): error CS0117: 'SR' does not contain a definition for 'ShorthandClassInCharacterRange' [c:\code\System.Text.RegularExpressions\tests\UnitTests\System.Text.RegularExpressions.Unit.Tests.csproj]
c:\code\System.Text.RegularExpressions\src\System\Text\RegularExpressions\RegexParser.cs(656,104): error CS0117: 'SR' does not contain a definition for 'ReversedCharacterRange' [c:\code\System.Text.RegularExpressions\tests\UnitTests\System.Text.RegularExpressions.Unit.Tests.csproj]
c:\code\System.Text.RegularExpressions\src\System\Text\RegularExpressions\RegexParser.cs(708,95): error CS0117: 'SR' does not contain a definition for 'ExclusionGroupNotLast' [c:\code\System.Text.RegularExpressions\tests\UnitTests\System.Text.RegularExpressions.Unit.Tests.csproj]
c:\code\System.Text.RegularExpressions\src\System\Text\RegularExpressions\RegexParser.cs(716,96): error CS0117: 'SR' does not contain a definition for 'ReversedCharacterRange' [c:\code\System.Text.RegularExpressions\tests\UnitTests\System.Text.RegularExpressions.Unit.Tests.csproj]
c:\code\System.Text.RegularExpressions\src\System\Text\RegularExpressions\RegexParser.cs(741,91): error CS0117: 'SR' does not contain a definition for 'ExclusionGroupNotLast' [c:\code\System.Text.RegularExpressions\tests\UnitTests\System.Text.RegularExpressions.Unit.Tests.csproj]
c:\code\System.Text.RegularExpressions\src\System\Text\RegularExpressions\RegexParser.cs(756,77): error CS0117: 'SR' does not contain a definition for 'UnterminatedBracket' [c:\code\System.Text.RegularExpressions\tests\UnitTests\System.Text.RegularExpressions.Unit.Tests.csproj]
c:\code\System.Text.RegularExpressions\src\System\Text\RegularExpressions\RegexParser.cs(881,105): error CS0117: 'SR' does not contain a definition for 'CaptureGroupNameInvalid' [c:\code\System.Text.RegularExpressions\tests\UnitTests\System.Text.RegularExpressions.Unit.Tests.csproj]
c:\code\System.Text.RegularExpressions\src\System\Text\RegularExpressions\RegexParser.cs(886,100): error CS0117: 'SR' does not contain a definition for 'CaptureGroupOfZero' [c:\code\System.Text.RegularExpressions\tests\UnitTests\System.Text.RegularExpressions.Unit.Tests.csproj]
c:\code\System.Text.RegularExpressions\src\System\Text\RegularExpressions\RegexParser.cs(901,105): error CS0117: 'SR' does not contain a definition for 'CaptureGroupNameInvalid' [c:\code\System.Text.RegularExpressions\tests\UnitTests\System.Text.RegularExpressions.Unit.Tests.csproj]
c:\code\System.Text.RegularExpressions\src\System\Text\RegularExpressions\RegexParser.cs(911,101): error CS0117: 'SR' does not contain a definition for 'CaptureGroupNameInvalid' [c:\code\System.Text.RegularExpressions\tests\UnitTests\System.Text.RegularExpressions.Unit.Tests.csproj]
c:\code\System.Text.RegularExpressions\src\System\Text\RegularExpressions\RegexParser.cs(927,122): error CS0117: 'SR' does not contain a definition for 'UndefinedNumberedReference' [c:\code\System.Text.RegularExpressions\tests\UnitTests\System.Text.RegularExpressions.Unit.Tests.csproj]
c:\code\System.Text.RegularExpressions\src\System\Text\RegularExpressions\RegexParser.cs(933,109): error CS0117: 'SR' does not contain a definition for 'CaptureGroupNameInvalid' [c:\code\System.Text.RegularExpressions\tests\UnitTests\System.Text.RegularExpressions.Unit.Tests.csproj]
c:\code\System.Text.RegularExpressions\src\System\Text\RegularExpressions\RegexParser.cs(946,119): error CS0117: 'SR' does not contain a definition for 'UndefinedNamedReference' [c:\code\System.Text.RegularExpressions\tests\UnitTests\System.Text.RegularExpressions.Unit.Tests.csproj]
c:\code\System.Text.RegularExpressions\src\System\Text\RegularExpressions\RegexParser.cs(952,109): error CS0117: 'SR' does not contain a definition for 'CaptureGroupNameInvalid' [c:\code\System.Text.RegularExpressions\tests\UnitTests\System.Text.RegularExpressions.Unit.Tests.csproj]
c:\code\System.Text.RegularExpressions\src\System\Text\RegularExpressions\RegexParser.cs(958,105): error CS0117: 'SR' does not contain a definition for 'CaptureGroupNameInvalid' [c:\code\System.Text.RegularExpressions\tests\UnitTests\System.Text.RegularExpressions.Unit.Tests.csproj]
c:\code\System.Text.RegularExpressions\src\System\Text\RegularExpressions\RegexParser.cs(991,120): error CS0117: 'SR' does not contain a definition for 'AlternationHasUndefinedReference' [c:\code\System.Text.RegularExpressions\tests\UnitTests\System.Text.RegularExpressions.Unit.Tests.csproj]
c:\code\System.Text.RegularExpressions\src\System\Text\RegularExpressions\RegexParser.cs(994,116): error CS0117: 'SR' does not contain a definition for 'AlternationHasMalformedReference' [c:\code\System.Text.RegularExpressions\tests\UnitTests\System.Text.RegularExpressions.Unit.Tests.csproj]
c:\code\System.Text.RegularExpressions\src\System\Text\RegularExpressions\RegexParser.cs(1019,95): error CS0117: 'SR' does not contain a definition for 'AlternationHasComment' [c:\code\System.Text.RegularExpressions\tests\UnitTests\System.Text.RegularExpressions.Unit.Tests.csproj]
c:\code\System.Text.RegularExpressions\src\System\Text\RegularExpressions\RegexParser.cs(1025,100): error CS0117: 'SR' does not contain a definition for 'AlternationHasNamedCapture' [c:\code\System.Text.RegularExpressions\tests\UnitTests\System.Text.RegularExpressions.Unit.Tests.csproj]
c:\code\System.Text.RegularExpressions\src\System\Text\RegularExpressions\RegexParser.cs(1030,100): error CS0117: 'SR' does not contain a definition for 'AlternationHasNamedCapture' [c:\code\System.Text.RegularExpressions\tests\UnitTests\System.Text.RegularExpressions.Unit.Tests.csproj]
c:\code\System.Text.RegularExpressions\src\System\Text\RegularExpressions\RegexParser.cs(1070,78): error CS0117: 'SR' does not contain a definition for 'InvalidGroupingConstruct' [c:\code\System.Text.RegularExpressions\tests\UnitTests\System.Text.RegularExpressions.Unit.Tests.csproj]
c:\code\System.Text.RegularExpressions\src\System\Text\RegularExpressions\RegexParser.cs(1108,89): error CS0117: 'SR' does not contain a definition for 'UnterminatedComment' [c:\code\System.Text.RegularExpressions\tests\UnitTests\System.Text.RegularExpressions.Unit.Tests.csproj]
c:\code\System.Text.RegularExpressions\src\System\Text\RegularExpressions\RegexParser.cs(1136,85): error CS0117: 'SR' does not contain a definition for 'UnterminatedComment' [c:\code\System.Text.RegularExpressions\tests\UnitTests\System.Text.RegularExpressions.Unit.Tests.csproj]
c:\code\System.Text.RegularExpressions\src\System\Text\RegularExpressions\RegexCharClass.cs(1735,30): error CS0117: 'SR' does not contain a definition for 'MakeException' [c:\code\System.Text.RegularExpressions\tests\UnitTests\System.Text.RegularExpressions.Unit.Tests.csproj]
c:\code\System.Text.RegularExpressions\src\System\Text\RegularExpressions\RegexCharClass.cs(1735,79): error CS0117: 'SR' does not contain a definition for 'UnrecognizedUnicodeProperty' [c:\code\System.Text.RegularExpressions\tests\UnitTests\System.Text.RegularExpressions.Unit.Tests.csproj]
c:\code\System.Text.RegularExpressions\src\System\Text\RegularExpressions\RegexParser.cs(1249,85): error CS0117: 'SR' does not contain a definition for 'MalformedNamedReference' [c:\code\System.Text.RegularExpressions\tests\UnitTests\System.Text.RegularExpressions.Unit.Tests.csproj]
c:\code\System.Text.RegularExpressions\src\System\Text\RegularExpressions\RegexParser.cs(1276,102): error CS0117: 'SR' does not contain a definition for 'UndefinedNumberedReference' [c:\code\System.Text.RegularExpressions\tests\UnitTests\System.Text.RegularExpressions.Unit.Tests.csproj]
c:\code\System.Text.RegularExpressions\src\System\Text\RegularExpressions\RegexParser.cs(1326,102): error CS0117: 'SR' does not contain a definition for 'UndefinedNumberedReference' [c:\code\System.Text.RegularExpressions\tests\UnitTests\System.Text.RegularExpressions.Unit.Tests.csproj]
c:\code\System.Text.RegularExpressions\src\System\Text\RegularExpressions\RegexParser.cs(1342,99): error CS0117: 'SR' does not contain a definition for 'UndefinedNamedReference' [c:\code\System.Text.RegularExpressions\tests\UnitTests\System.Text.RegularExpressions.Unit.Tests.csproj]
c:\code\System.Text.RegularExpressions\src\System\Text\RegularExpressions\RegexParser.cs(1404,104): error CS0117: 'SR' does not contain a definition for 'QuantifierOrCaptureGroupOutOfRange' [c:\code\System.Text.RegularExpressions\tests\UnitTests\System.Text.RegularExpressions.Unit.Tests.csproj]
c:\code\System.Text.RegularExpressions\src\System\Text\RegularExpressions\RegexParser.cs(1554,96): error CS0117: 'SR' does not contain a definition for 'QuantifierOrCaptureGroupOutOfRange' [c:\code\System.Text.RegularExpressions\tests\UnitTests\System.Text.RegularExpressions.Unit.Tests.csproj]
c:\code\System.Text.RegularExpressions\src\System\Text\RegularExpressions\RegexParser.cs(1581,88): error CS0117: 'SR' does not contain a definition for 'InsufficientOrInvalidHexDigits' [c:\code\System.Text.RegularExpressions\tests\UnitTests\System.Text.RegularExpressions.Unit.Tests.csproj]
c:\code\System.Text.RegularExpressions\src\System\Text\RegularExpressions\RegexParser.cs(1613,81): error CS0117: 'SR' does not contain a definition for 'MissingControlCharacter' [c:\code\System.Text.RegularExpressions\tests\UnitTests\System.Text.RegularExpressions.Unit.Tests.csproj]
c:\code\System.Text.RegularExpressions\src\System\Text\RegularExpressions\RegexParser.cs(1630,82): error CS0117: 'SR' does not contain a definition for 'UnrecognizedControlCharacter' [c:\code\System.Text.RegularExpressions\tests\UnitTests\System.Text.RegularExpressions.Unit.Tests.csproj]
c:\code\System.Text.RegularExpressions\src\System\Text\RegularExpressions\Symbolic\RegexNodeConverter.cs(184,74): error CS0117: 'SR' does not contain a definition for 'NotSupported_NonBacktrackingConflictingExpression' [c:\code\System.Text.RegularExpressions\tests\UnitTests\System.Text.RegularExpressions.Unit.Tests.csproj]
c:\code\System.Text.RegularExpressions\src\System\Text\RegularExpressions\Symbolic\RegexNodeConverter.cs(186,156): error CS0117: 'SR' does not contain a definition for 'ExpressionDescription_AtomicSubexpressions' [c:\code\System.Text.RegularExpressions\tests\UnitTests\System.Text.RegularExpressions.Unit.Tests.csproj]
c:\code\System.Text.RegularExpressions\src\System\Text\RegularExpressions\Symbolic\RegexNodeConverter.cs(187,67): error CS0117: 'SR' does not contain a definition for 'ExpressionDescription_Backreference' [c:\code\System.Text.RegularExpressions\tests\UnitTests\System.Text.RegularExpressions.Unit.Tests.csproj]
c:\code\System.Text.RegularExpressions\src\System\Text\RegularExpressions\Symbolic\RegexNodeConverter.cs(188,78): error CS0117: 'SR' does not contain a definition for 'ExpressionDescription_Conditional' [c:\code\System.Text.RegularExpressions\tests\UnitTests\System.Text.RegularExpressions.Unit.Tests.csproj]
c:\code\System.Text.RegularExpressions\src\System\Text\RegularExpressions\Symbolic\RegexNodeConverter.cs(189,61): error CS0117: 'SR' does not contain a definition for 'ExpressionDescription_BalancingGroup' [c:\code\System.Text.RegularExpressions\tests\UnitTests\System.Text.RegularExpressions.Unit.Tests.csproj]
c:\code\System.Text.RegularExpressions\src\System\Text\RegularExpressions\Symbolic\RegexNodeConverter.cs(190,75): error CS0117: 'SR' does not contain a definition for 'ExpressionDescription_IfThenElse' [c:\code\System.Text.RegularExpressions\tests\UnitTests\System.Text.RegularExpressions.Unit.Tests.csproj]
c:\code\System.Text.RegularExpressions\src\System\Text\RegularExpressions\Symbolic\RegexNodeConverter.cs(191,72): error CS0117: 'SR' does not contain a definition for 'ExpressionDescription_NegativeLookaround' [c:\code\System.Text.RegularExpressions\tests\UnitTests\System.Text.RegularExpressions.Unit.Tests.csproj]
c:\code\System.Text.RegularExpressions\src\System\Text\RegularExpressions\Symbolic\RegexNodeConverter.cs(192,72): error CS0117: 'SR' does not contain a definition for 'ExpressionDescription_PositiveLookaround' [c:\code\System.Text.RegularExpressions\tests\UnitTests\System.Text.RegularExpressions.Unit.Tests.csproj]
c:\code\System.Text.RegularExpressions\src\System\Text\RegularExpressions\Symbolic\RegexNodeConverter.cs(193,59): error CS0117: 'SR' does not contain a definition for 'ExpressionDescription_ContiguousMatches' [c:\code\System.Text.RegularExpressions\tests\UnitTests\System.Text.RegularExpressions.Unit.Tests.csproj]
c:\code\System.Text.RegularExpressions\src\System\Text\RegularExpressions\RegexParser.cs(1706,94): error CS0117: 'SR' does not contain a definition for 'UnrecognizedEscape' [c:\code\System.Text.RegularExpressions\tests\UnitTests\System.Text.RegularExpressions.Unit.Tests.csproj]
c:\code\System.Text.RegularExpressions\src\System\Text\RegularExpressions\RegexParser.cs(1717,86): error CS0117: 'SR' does not contain a definition for 'InvalidUnicodePropertyEscape' [c:\code\System.Text.RegularExpressions\tests\UnitTests\System.Text.RegularExpressions.Unit.Tests.csproj]
c:\code\System.Text.RegularExpressions\src\System\Text\RegularExpressions\RegexParser.cs(1723,88): error CS0117: 'SR' does not contain a definition for 'MalformedUnicodePropertyEscape' [c:\code\System.Text.RegularExpressions\tests\UnitTests\System.Text.RegularExpressions.Unit.Tests.csproj]
c:\code\System.Text.RegularExpressions\src\System\Text\RegularExpressions\RegexParser.cs(1741,86): error CS0117: 'SR' does not contain a definition for 'InvalidUnicodePropertyEscape' [c:\code\System.Text.RegularExpressions\tests\UnitTests\System.Text.RegularExpressions.Unit.Tests.csproj]
c:\code\System.Text.RegularExpressions\src\System\Text\RegularExpressions\RegexParser.cs(2167,94): error CS0117: 'SR' does not contain a definition for 'AlternationHasMalformedCondition' [c:\code\System.Text.RegularExpressions\tests\UnitTests\System.Text.RegularExpressions.Unit.Tests.csproj]
c:\code\System.Text.RegularExpressions\src\System\Text\RegularExpressions\RegexParser.cs(2240,93): error CS0117: 'SR' does not contain a definition for 'AlternationHasTooManyConditions' [c:\code\System.Text.RegularExpressions\tests\UnitTests\System.Text.RegularExpressions.Unit.Tests.csproj]
c:\code\System.Text.RegularExpressions\src\System\Text\RegularExpressions\RegexParser.cs(2266,70): error CS0117: 'SR' does not contain a definition for 'MakeException' [c:\code\System.Text.RegularExpressions\tests\UnitTests\System.Text.RegularExpressions.Unit.Tests.csproj]
    6 Warning(s)
    61 Error(s)

Time Elapsed 00:00:01.56
